Flow report for kirsch_top
Thu Mar 28 13:17:03 2019
Quartus Prime Version 15.1.0 Build 185 10/21/2015 SJ Standard Edition


---------------------
; Table of Contents ;
---------------------
  1. Legal Notice
  2. Flow Summary
  3. Flow Settings
  4. Flow Non-Default Global Settings
  5. Flow Elapsed Time
  6. Flow OS Summary
  7. Flow Log
  8. Flow Messages
  9. Flow Suppressed Messages



----------------
; Legal Notice ;
----------------
Copyright (C) 1991-2015 Altera Corporation. All rights reserved.
Your use of Altera Corporation's design tools, logic functions 
and other software and tools, and its AMPP partner logic 
functions, and any output files from any of the foregoing 
(including device programming or simulation files), and any 
associated documentation or information are expressly subject 
to the terms and conditions of the Altera Program License 
Subscription Agreement, the Altera Quartus Prime License Agreement,
the Altera MegaCore Function License Agreement, or other 
applicable license agreement, including, without limitation, 
that your use is for the sole purpose of programming logic 
devices manufactured by Altera and sold by Altera or its 
authorized distributors.  Please refer to the applicable 
agreement for further details.



+--------------------------------------------------------------------------------------+
; Flow Summary                                                                         ;
+------------------------------------+-------------------------------------------------+
; Flow Status                        ; Successful - Thu Mar 28 13:17:03 2019           ;
; Quartus Prime Version              ; 15.1.0 Build 185 10/21/2015 SJ Standard Edition ;
; Revision Name                      ; kirsch_top                                      ;
; Top-level Entity Name              ; kirsch_top                                      ;
; Family                             ; MAX 10                                          ;
; Device                             ; 10M08SAE144C8G                                  ;
; Timing Models                      ; Final                                           ;
; Total logic elements               ; 603 / 8,064 ( 7 % )                             ;
;     Total combinational functions  ; 539 / 8,064 ( 7 % )                             ;
;     Dedicated logic registers      ; 363 / 8,064 ( 5 % )                             ;
; Total registers                    ; 363                                             ;
; Total pins                         ; 34 / 101 ( 34 % )                               ;
; Total virtual pins                 ; 0                                               ;
; Total memory bits                  ; 10,240 / 387,072 ( 3 % )                        ;
; Embedded Multiplier 9-bit elements ; 0 / 48 ( 0 % )                                  ;
; Total PLLs                         ; 0 / 1 ( 0 % )                                   ;
; UFM blocks                         ; 0 / 1 ( 0 % )                                   ;
; ADC blocks                         ; 0 / 1 ( 0 % )                                   ;
+------------------------------------+-------------------------------------------------+


+-----------------------------------------+
; Flow Settings                           ;
+-------------------+---------------------+
; Option            ; Setting             ;
+-------------------+---------------------+
; Start date & time ; 03/28/2019 13:16:12 ;
; Main task         ; Compilation         ;
; Revision Name     ; kirsch_top          ;
+-------------------+---------------------+


+----------------------------------------------------------------------------------------------------------------------------+
; Flow Non-Default Global Settings                                                                                           ;
+-------------------------------------+---------------------------------------+---------------+-------------+----------------+
; Assignment Name                     ; Value                                 ; Default Value ; Entity Name ; Section Id     ;
+-------------------------------------+---------------------------------------+---------------+-------------+----------------+
; AUTO_SHIFT_REGISTER_RECOGNITION     ; Off                                   ; Auto          ; --          ; --             ;
; COMPILER_SIGNATURE_ID               ; 0.155379337229181                     ; --            ; --          ; --             ;
; EDA_MAP_ILLEGAL_CHARACTERS          ; On                                    ; --            ; --          ; eda_simulation ;
; FLOW_ENABLE_POWER_ANALYZER          ; On                                    ; Off           ; --          ; --             ;
; MAX_CORE_JUNCTION_TEMP              ; 85                                    ; --            ; --          ; --             ;
; MIN_CORE_JUNCTION_TEMP              ; 0                                     ; --            ; --          ; --             ;
; OUTPUT_IO_TIMING_FAR_END_VMEAS      ; Half Signal Swing                     ; --            ; --          ; --             ;
; OUTPUT_IO_TIMING_FAR_END_VMEAS      ; Half Signal Swing                     ; --            ; --          ; --             ;
; OUTPUT_IO_TIMING_NEAR_END_VMEAS     ; Half Vccio                            ; --            ; --          ; --             ;
; OUTPUT_IO_TIMING_NEAR_END_VMEAS     ; Half Vccio                            ; --            ; --          ; --             ;
; PARTITION_COLOR                     ; 16764057                              ; --            ; --          ; Top            ;
; PARTITION_FITTER_PRESERVATION_LEVEL ; PLACEMENT_AND_ROUTING                 ; --            ; --          ; Top            ;
; PARTITION_NETLIST_TYPE              ; SOURCE                                ; --            ; --          ; Top            ;
; POWER_BOARD_THERMAL_MODEL           ; None (CONSERVATIVE)                   ; --            ; --          ; --             ;
; POWER_DEFAULT_INPUT_IO_TOGGLE_RATE  ; 12.5 %                                ; 12.5%         ; --          ; --             ;
; POWER_DEFAULT_TOGGLE_RATE           ; 10 %                                  ; 12.5%         ; --          ; --             ;
; POWER_OUTPUT_SAF_NAME               ; kirsch_top.saf.rpt                    ; --            ; --          ; --             ;
; POWER_PRESET_COOLING_SOLUTION       ; 23 MM HEAT SINK WITH 200 LFPM AIRFLOW ; --            ; --          ; --             ;
; TIMEQUEST_MULTICORNER_ANALYSIS      ; Off                                   ; On            ; --          ; --             ;
+-------------------------------------+---------------------------------------+---------------+-------------+----------------+


+--------------------------------------------------------------------------------------------------------------------------+
; Flow Elapsed Time                                                                                                        ;
+----------------------+--------------+-------------------------+---------------------+------------------------------------+
; Module Name          ; Elapsed Time ; Average Processors Used ; Peak Virtual Memory ; Total CPU Time (on all processors) ;
+----------------------+--------------+-------------------------+---------------------+------------------------------------+
; Analysis & Synthesis ; 00:00:12     ; 1.0                     ; 1293 MB             ; 00:00:28                           ;
; Fitter               ; 00:00:17     ; 1.0                     ; 1805 MB             ; 00:00:23                           ;
; Assembler            ; 00:00:01     ; 1.0                     ; 1007 MB             ; 00:00:01                           ;
; EDA Netlist Writer   ; 00:00:01     ; 1.0                     ; 1311 MB             ; 00:00:01                           ;
; EDA Netlist Writer   ; 00:00:01     ; 1.0                     ; 1310 MB             ; 00:00:01                           ;
; Total                ; 00:00:32     ; --                      ; --                  ; 00:00:54                           ;
+----------------------+--------------+-------------------------+---------------------+------------------------------------+


+----------------------------------------------------------------------------------------+
; Flow OS Summary                                                                        ;
+----------------------+------------------+----------------+------------+----------------+
; Module Name          ; Machine Hostname ; OS Name        ; OS Version ; Processor type ;
+----------------------+------------------+----------------+------------+----------------+
; Analysis & Synthesis ; eceTesla1        ; Ubuntu 18.04.2 ; 18         ; x86_64         ;
; Fitter               ; eceTesla1        ; Ubuntu 18.04.2 ; 18         ; x86_64         ;
; Assembler            ; eceTesla1        ; Ubuntu 18.04.2 ; 18         ; x86_64         ;
; EDA Netlist Writer   ; eceTesla1        ; Ubuntu 18.04.2 ; 18         ; x86_64         ;
; EDA Netlist Writer   ; eceTesla1        ; Ubuntu 18.04.2 ; 18         ; x86_64         ;
+----------------------+------------------+----------------+------------+----------------+


------------
; Flow Log ;
------------
quartus_map kirsch_top --source=kirsch_top_logic.v
quartus_fit kirsch_top --effort=fast
quartus_asm kirsch_top
quartus_eda kirsch_top --simulation=on --tool=modelsim --format=vhdl
quartus_eda kirsch_top --simulation=on --tool=modelsim --format=verilog



